This file contains any messages produced by compilers while
running configure, to aid debugging if configure makes a mistake.

It was created by libuuid configure 1.0.0, which was
generated by GNU Autoconf 2.63.  Invocation command line was

  $ ./configure --prefix=/usr/local/xunsearch

## --------- ##
## Platform. ##
## --------- ##

hostname = admin
uname -m = i686
uname -r = 2.6.32-642.el6.i686
uname -s = Linux
uname -v = #1 SMP Tue May 10 16:13:51 UTC 2016

/usr/bin/uname -p = unknown
/bin/uname -X     = unknown

/bin/arch              = i686
/usr/bin/arch -k       = unknown
/usr/convex/getsysinfo = unknown
/usr/bin/hostinfo      = unknown
/bin/machine           = unknown
/usr/bin/oslevel       = unknown
/bin/universe          = unknown

PATH: /usr/local/mysql/bin
PATH: /usr/local/php/bin
PATH: /usr/lib/qt-3.3/bin
PATH: /usr/local/sbin
PATH: /usr/local/bin
PATH: /sbin
PATH: /bin
PATH: /usr/sbin
PATH: /usr/bin
PATH: /root/bin


## ----------- ##
## Core tests. ##
## ----------- ##

configure:2058: checking for a BSD-compatible install
configure:2126: result: /usr/bin/install -c
configure:2137: checking whether build environment is sane
configure:2180: result: yes
configure:2210: checking for gawk
configure:2226: found /bin/gawk
configure:2237: result: gawk
configure:2248: checking whether make sets $(MAKE)
configure:2270: result: yes
configure:2483: checking for gcc
configure:2499: found /usr/bin/gcc
configure:2510: result: gcc
configure:2742: checking for C compiler version
configure:2750: gcc --version >&5
gcc (GCC) 4.4.7 20120313 (Red Hat 4.4.7-17)
Copyright (C) 2010 Free Software Foundation, Inc.
This is free software; see the source for copying conditions.  There is NO
warranty; not even for MERCHANTABILITY or FITNESS FOR A PARTICULAR PURPOSE.

configure:2754: $? = 0
configure:2761: gcc -v >&5
Using built-in specs.
Target: i686-redhat-linux
Configured with: ../configure --prefix=/usr --mandir=/usr/share/man --infodir=/usr/share/info --with-bugurl=http://bugzilla.redhat.com/bugzilla --enable-bootstrap --enable-shared --enable-threads=posix --enable-checking=release --with-system-zlib --enable-__cxa_atexit --disable-libunwind-exceptions --enable-gnu-unique-object --enable-languages=c,c++,objc,obj-c++,java,fortran,ada --enable-java-awt=gtk --disable-dssi --with-java-home=/usr/lib/jvm/java-1.5.0-gcj-1.5.0.0/jre --enable-libgcj-multifile --enable-java-maintainer-mode --with-ecj-jar=/usr/share/java/eclipse-ecj.jar --disable-libjava-multilib --with-ppl --with-cloog --with-tune=generic --with-arch=i686 --build=i686-redhat-linux
Thread model: posix
gcc version 4.4.7 20120313 (Red Hat 4.4.7-17) (GCC) 
configure:2765: $? = 0
configure:2772: gcc -V >&5
gcc: '-V' option must have argument
configure:2776: $? = 1
configure:2799: checking for C compiler default output file name
configure:2821: gcc -O2   conftest.c  >&5
configure:2825: $? = 0
configure:2863: result: a.out
configure:2882: checking whether the C compiler works
configure:2892: ./a.out
configure:2896: $? = 0
configure:2915: result: yes
configure:2922: checking whether we are cross compiling
configure:2924: result: no
configure:2927: checking for suffix of executables
configure:2934: gcc -o conftest -O2   conftest.c  >&5
configure:2938: $? = 0
configure:2964: result: 
configure:2970: checking for suffix of object files
configure:2996: gcc -c -O2  conftest.c >&5
configure:3000: $? = 0
configure:3025: result: o
configure:3029: checking whether we are using the GNU C compiler
configure:3058: gcc -c -O2  conftest.c >&5
configure:3065: $? = 0
configure:3082: result: yes
configure:3091: checking whether gcc accepts -g
configure:3121: gcc -c -g  conftest.c >&5
configure:3128: $? = 0
configure:3229: result: yes
configure:3246: checking for gcc option to accept ISO C89
configure:3320: gcc  -c -O2  conftest.c >&5
configure:3327: $? = 0
configure:3350: result: none needed
configure:3387: checking for style of include used by make
configure:3415: result: GNU
configure:3443: checking dependency style of gcc
configure:3505: result: gcc3
configure:3510: checking whether make sets $(MAKE)
configure:3532: result: yes
configure:3613: checking build system type
configure:3631: result: i686-pc-linux-gnu
configure:3653: checking host system type
configure:3668: result: i686-pc-linux-gnu
configure:3712: checking for ld used by GCC
configure:3775: result: /usr/bin/ld
configure:3784: checking if the linker (/usr/bin/ld) is GNU ld
GNU ld version 2.20.51.0.2-5.44.el6 20100205
configure:3796: result: yes
configure:3801: checking for /usr/bin/ld option to reload object files
configure:3808: result: -r
configure:3813: checking for BSD-compatible nm
configure:3849: result: /usr/bin/nm -B
configure:3852: checking for a sed that does not truncate output
configure:3934: result: /bin/sed
configure:3937: checking whether ln -s works
configure:3941: result: yes
configure:3948: checking how to recognise dependent libraries
configure:4129: result: pass_all
configure:4142: checking command to parse /usr/bin/nm -B output
configure:4226: gcc -c -O2  conftest.c >&5
configure:4229: $? = 0
configure:4233: /usr/bin/nm -B conftest.o \| sed -n -e 's/^.*[ 	]\([ABCDGISTW][ABCDGISTW]*\)[ 	][ 	]*\(\)\([_A-Za-z][_A-Za-z0-9]*\)$/\1 \2\3 \3/p' \> conftest.nm
configure:4236: $? = 0
configure:4288: gcc -o conftest -O2   conftest.c conftstm.o >&5
configure:4291: $? = 0
configure:4335: result: ok
configure:4344: checking how to run the C preprocessor
configure:4384: gcc -E  conftest.c
configure:4391: $? = 0
configure:4422: gcc -E  conftest.c
conftest.c:10:28: error: ac_nonexistent.h: No such file or directory
configure:4429: $? = 1
configure: failed program was:
| /* confdefs.h.  */
| #define PACKAGE_NAME "libuuid"
| #define PACKAGE_TARNAME "libuuid"
| #define PACKAGE_VERSION "1.0.0"
| #define PACKAGE_STRING "libuuid 1.0.0"
| #define PACKAGE_BUGREPORT ""
| #define PACKAGE "libuuid"
| #define VERSION "1.0.0"
| /* end confdefs.h.  */
| #include <ac_nonexistent.h>
configure:4462: result: gcc -E
configure:4491: gcc -E  conftest.c
configure:4498: $? = 0
configure:4529: gcc -E  conftest.c
conftest.c:10:28: error: ac_nonexistent.h: No such file or directory
configure:4536: $? = 1
configure: failed program was:
| /* confdefs.h.  */
| #define PACKAGE_NAME "libuuid"
| #define PACKAGE_TARNAME "libuuid"
| #define PACKAGE_VERSION "1.0.0"
| #define PACKAGE_STRING "libuuid 1.0.0"
| #define PACKAGE_BUGREPORT ""
| #define PACKAGE "libuuid"
| #define VERSION "1.0.0"
| /* end confdefs.h.  */
| #include <ac_nonexistent.h>
configure:4576: checking for grep that handles long lines and -e
configure:4636: result: /bin/grep
configure:4641: checking for egrep
configure:4705: result: /bin/grep -E
configure:4710: checking for ANSI C header files
configure:4740: gcc -c -O2  conftest.c >&5
configure:4747: $? = 0
configure:4846: gcc -o conftest -O2   conftest.c  >&5
configure:4850: $? = 0
configure:4856: ./conftest
configure:4860: $? = 0
configure:4878: result: yes
configure:4902: checking for sys/types.h
configure:4923: gcc -c -O2  conftest.c >&5
configure:4930: $? = 0
configure:4947: result: yes
configure:4902: checking for sys/stat.h
configure:4923: gcc -c -O2  conftest.c >&5
configure:4930: $? = 0
configure:4947: result: yes
configure:4902: checking for stdlib.h
configure:4923: gcc -c -O2  conftest.c >&5
configure:4930: $? = 0
configure:4947: result: yes
configure:4902: checking for string.h
configure:4923: gcc -c -O2  conftest.c >&5
configure:4930: $? = 0
configure:4947: result: yes
configure:4902: checking for memory.h
configure:4923: gcc -c -O2  conftest.c >&5
configure:4930: $? = 0
configure:4947: result: yes
configure:4902: checking for strings.h
configure:4923: gcc -c -O2  conftest.c >&5
configure:4930: $? = 0
configure:4947: result: yes
configure:4902: checking for inttypes.h
configure:4923: gcc -c -O2  conftest.c >&5
configure:4930: $? = 0
configure:4947: result: yes
configure:4902: checking for stdint.h
configure:4923: gcc -c -O2  conftest.c >&5
configure:4930: $? = 0
configure:4947: result: yes
configure:4902: checking for unistd.h
configure:4923: gcc -c -O2  conftest.c >&5
configure:4930: $? = 0
configure:4947: result: yes
configure:4977: checking dlfcn.h usability
configure:4994: gcc -c -O2  conftest.c >&5
configure:5001: $? = 0
configure:5015: result: yes
configure:5019: checking dlfcn.h presence
configure:5034: gcc -E  conftest.c
configure:5041: $? = 0
configure:5055: result: yes
configure:5083: checking for dlfcn.h
configure:5092: result: yes
configure:5294: checking for ranlib
configure:5310: found /usr/bin/ranlib
configure:5321: result: ranlib
configure:5386: checking for strip
configure:5402: found /usr/bin/strip
configure:5413: result: strip
configure:5643: checking for objdir
configure:5654: result: .libs
configure:5671: checking for gcc option to produce PIC
configure:5817: result: -fPIC
configure:5821: checking if gcc PIC flag -fPIC works
configure:5849: gcc -c -O2 -fPIC -DPIC  conftest.c >&5
configure:5856: $? = 0
configure:5898: result: yes
configure:5914: checking if gcc static flag -static works
configure:5943: gcc -o conftest -O2   -static conftest.c  >&5
/usr/bin/ld: cannot find -lc
collect2: ld returned 1 exit status
configure:5950: $? = 1
configure: failed program was:
| /* confdefs.h.  */
| #define PACKAGE_NAME "libuuid"
| #define PACKAGE_TARNAME "libuuid"
| #define PACKAGE_VERSION "1.0.0"
| #define PACKAGE_STRING "libuuid 1.0.0"
| #define PACKAGE_BUGREPORT ""
| #define PACKAGE "libuuid"
| #define VERSION "1.0.0"
| #define STDC_HEADERS 1
| #define HAVE_SYS_TYPES_H 1
| #define HAVE_SYS_STAT_H 1
| #define HAVE_STDLIB_H 1
| #define HAVE_STRING_H 1
| #define HAVE_MEMORY_H 1
| #define HAVE_STRINGS_H 1
| #define HAVE_INTTYPES_H 1
| #define HAVE_STDINT_H 1
| #define HAVE_UNISTD_H 1
| #define HAVE_DLFCN_H 1
| /* end confdefs.h.  */
| 
| int
| main ()
| {
| 
|   ;
|   return 0;
| }
configure:5976: result: no
configure:5988: checking if gcc supports -c -o file.o
configure:6008: gcc -c -O2 -o out/conftest2.o  conftest.c >&5
configure:6032: result: yes
configure:6037: checking if gcc supports -c -o file.lo
configure:6069: gcc -c -O2 -c -o conftest.lo  conftest.c >&5
configure:6076: $? = 0
configure:6103: result: yes
configure:6134: checking if gcc supports -fno-rtti -fno-exceptions
configure:6161: gcc -c -O2 -fno-rtti -fno-exceptions -c conftest.c  conftest.c >&5
cc1: warning: command line option "-fno-rtti" is valid for C++/ObjC++ but not for C
cc1: warning: command line option "-fno-rtti" is valid for C++/ObjC++ but not for C
configure:6168: $? = 0
configure:6190: result: no
configure:6201: checking whether the linker (/usr/bin/ld) supports shared libraries
configure:6896: result: yes
configure:6901: checking how to hardcode library paths into programs
configure:6925: result: immediate
configure:6930: checking whether stripping libraries is possible
configure:6935: result: yes
configure:6946: checking dynamic linker characteristics
configure:7377: result: GNU/Linux ld.so
configure:7382: checking if libtool supports shared libraries
configure:7384: result: yes
configure:7387: checking whether to build shared libraries
configure:7408: result: yes
configure:7411: checking whether to build static libraries
configure:7415: result: yes
configure:8159: checking whether -lc should be explicitly linked in
configure:8167: gcc -c -O2  conftest.c >&5
configure:8170: $? = 0
configure:8184: gcc -shared conftest.o  -v -Wl,-soname -Wl,conftest -o conftest 2\>\&1 \| grep  -lc  \>/dev/null 2\>\&1
configure:8187: $? = 0
configure:8200: result: no
configure:8787: checking for a BSD-compatible install
configure:8855: result: /usr/bin/install -c
configure:8900: checking fcntl.h usability
configure:8917: gcc -c -O2  conftest.c >&5
configure:8924: $? = 0
configure:8938: result: yes
configure:8942: checking fcntl.h presence
configure:8957: gcc -E  conftest.c
configure:8964: $? = 0
configure:8978: result: yes
configure:9006: checking for fcntl.h
configure:9015: result: yes
configure:8889: checking for inttypes.h
configure:8896: result: yes
configure:8900: checking netinet/in.h usability
configure:8917: gcc -c -O2  conftest.c >&5
configure:8924: $? = 0
configure:8938: result: yes
configure:8942: checking netinet/in.h presence
configure:8957: gcc -E  conftest.c
configure:8964: $? = 0
configure:8978: result: yes
configure:9006: checking for netinet/in.h
configure:9015: result: yes
configure:8889: checking for stdlib.h
configure:8896: result: yes
configure:8889: checking for string.h
configure:8896: result: yes
configure:8900: checking sys/file.h usability
configure:8917: gcc -c -O2  conftest.c >&5
configure:8924: $? = 0
configure:8938: result: yes
configure:8942: checking sys/file.h presence
configure:8957: gcc -E  conftest.c
configure:8964: $? = 0
configure:8978: result: yes
configure:9006: checking for sys/file.h
configure:9015: result: yes
configure:8900: checking sys/ioctl.h usability
configure:8917: gcc -c -O2  conftest.c >&5
configure:8924: $? = 0
configure:8938: result: yes
configure:8942: checking sys/ioctl.h presence
configure:8957: gcc -E  conftest.c
configure:8964: $? = 0
configure:8978: result: yes
configure:9006: checking for sys/ioctl.h
configure:9015: result: yes
configure:8900: checking sys/socket.h usability
configure:8917: gcc -c -O2  conftest.c >&5
configure:8924: $? = 0
configure:8938: result: yes
configure:8942: checking sys/socket.h presence
configure:8957: gcc -E  conftest.c
configure:8964: $? = 0
configure:8978: result: yes
configure:9006: checking for sys/socket.h
configure:9015: result: yes
configure:8900: checking sys/time.h usability
configure:8917: gcc -c -O2  conftest.c >&5
configure:8924: $? = 0
configure:8938: result: yes
configure:8942: checking sys/time.h presence
configure:8957: gcc -E  conftest.c
configure:8964: $? = 0
configure:8978: result: yes
configure:9006: checking for sys/time.h
configure:9015: result: yes
configure:8889: checking for unistd.h
configure:8896: result: yes
configure:9033: checking for int16_t
configure:9064: gcc -c -O2  conftest.c >&5
configure:9071: $? = 0
configure:9100: gcc -c -O2  conftest.c >&5
conftest.c: In function 'main':
conftest.c:68: error: size of array 'test_array' is negative
configure:9107: $? = 1
configure: failed program was:
| /* confdefs.h.  */
| #define PACKAGE_NAME "libuuid"
| #define PACKAGE_TARNAME "libuuid"
| #define PACKAGE_VERSION "1.0.0"
| #define PACKAGE_STRING "libuuid 1.0.0"
| #define PACKAGE_BUGREPORT ""
| #define PACKAGE "libuuid"
| #define VERSION "1.0.0"
| #define STDC_HEADERS 1
| #define HAVE_SYS_TYPES_H 1
| #define HAVE_SYS_STAT_H 1
| #define HAVE_STDLIB_H 1
| #define HAVE_STRING_H 1
| #define HAVE_MEMORY_H 1
| #define HAVE_STRINGS_H 1
| #define HAVE_INTTYPES_H 1
| #define HAVE_STDINT_H 1
| #define HAVE_UNISTD_H 1
| #define HAVE_DLFCN_H 1
| #define HAVE_FCNTL_H 1
| #define HAVE_INTTYPES_H 1
| #define HAVE_NETINET_IN_H 1
| #define HAVE_STDLIB_H 1
| #define HAVE_STRING_H 1
| #define HAVE_SYS_FILE_H 1
| #define HAVE_SYS_IOCTL_H 1
| #define HAVE_SYS_SOCKET_H 1
| #define HAVE_SYS_TIME_H 1
| #define HAVE_UNISTD_H 1
| /* end confdefs.h.  */
| #include <stdio.h>
| #ifdef HAVE_SYS_TYPES_H
| # include <sys/types.h>
| #endif
| #ifdef HAVE_SYS_STAT_H
| # include <sys/stat.h>
| #endif
| #ifdef STDC_HEADERS
| # include <stdlib.h>
| # include <stddef.h>
| #else
| # ifdef HAVE_STDLIB_H
| #  include <stdlib.h>
| # endif
| #endif
| #ifdef HAVE_STRING_H
| # if !defined STDC_HEADERS && defined HAVE_MEMORY_H
| #  include <memory.h>
| # endif
| # include <string.h>
| #endif
| #ifdef HAVE_STRINGS_H
| # include <strings.h>
| #endif
| #ifdef HAVE_INTTYPES_H
| # include <inttypes.h>
| #endif
| #ifdef HAVE_STDINT_H
| # include <stdint.h>
| #endif
| #ifdef HAVE_UNISTD_H
| # include <unistd.h>
| #endif
| int
| main ()
| {
| static int test_array [1 - 2 * !((int16_t) ((((int16_t) 1 << (16 - 2)) - 1) * 2 + 1)
| 		 < (int16_t) ((((int16_t) 1 << (16 - 2)) - 1) * 2 + 2))];
| test_array [0] = 0
| 
|   ;
|   return 0;
| }
configure:9136: result: yes
configure:9149: checking for int32_t
configure:9180: gcc -c -O2  conftest.c >&5
configure:9187: $? = 0
configure:9216: gcc -c -O2  conftest.c >&5
conftest.c: In function 'main':
conftest.c:68: warning: integer overflow in expression
conftest.c:68: error: size of array 'test_array' is negative
configure:9223: $? = 1
configure: failed program was:
| /* confdefs.h.  */
| #define PACKAGE_NAME "libuuid"
| #define PACKAGE_TARNAME "libuuid"
| #define PACKAGE_VERSION "1.0.0"
| #define PACKAGE_STRING "libuuid 1.0.0"
| #define PACKAGE_BUGREPORT ""
| #define PACKAGE "libuuid"
| #define VERSION "1.0.0"
| #define STDC_HEADERS 1
| #define HAVE_SYS_TYPES_H 1
| #define HAVE_SYS_STAT_H 1
| #define HAVE_STDLIB_H 1
| #define HAVE_STRING_H 1
| #define HAVE_MEMORY_H 1
| #define HAVE_STRINGS_H 1
| #define HAVE_INTTYPES_H 1
| #define HAVE_STDINT_H 1
| #define HAVE_UNISTD_H 1
| #define HAVE_DLFCN_H 1
| #define HAVE_FCNTL_H 1
| #define HAVE_INTTYPES_H 1
| #define HAVE_NETINET_IN_H 1
| #define HAVE_STDLIB_H 1
| #define HAVE_STRING_H 1
| #define HAVE_SYS_FILE_H 1
| #define HAVE_SYS_IOCTL_H 1
| #define HAVE_SYS_SOCKET_H 1
| #define HAVE_SYS_TIME_H 1
| #define HAVE_UNISTD_H 1
| /* end confdefs.h.  */
| #include <stdio.h>
| #ifdef HAVE_SYS_TYPES_H
| # include <sys/types.h>
| #endif
| #ifdef HAVE_SYS_STAT_H
| # include <sys/stat.h>
| #endif
| #ifdef STDC_HEADERS
| # include <stdlib.h>
| # include <stddef.h>
| #else
| # ifdef HAVE_STDLIB_H
| #  include <stdlib.h>
| # endif
| #endif
| #ifdef HAVE_STRING_H
| # if !defined STDC_HEADERS && defined HAVE_MEMORY_H
| #  include <memory.h>
| # endif
| # include <string.h>
| #endif
| #ifdef HAVE_STRINGS_H
| # include <strings.h>
| #endif
| #ifdef HAVE_INTTYPES_H
| # include <inttypes.h>
| #endif
| #ifdef HAVE_STDINT_H
| # include <stdint.h>
| #endif
| #ifdef HAVE_UNISTD_H
| # include <unistd.h>
| #endif
| int
| main ()
| {
| static int test_array [1 - 2 * !((int32_t) ((((int32_t) 1 << (32 - 2)) - 1) * 2 + 1)
| 		 < (int32_t) ((((int32_t) 1 << (32 - 2)) - 1) * 2 + 2))];
| test_array [0] = 0
| 
|   ;
|   return 0;
| }
configure:9252: result: yes
configure:9265: checking for int64_t
configure:9296: gcc -c -O2  conftest.c >&5
configure:9303: $? = 0
configure:9332: gcc -c -O2  conftest.c >&5
conftest.c: In function 'main':
conftest.c:68: warning: integer overflow in expression
conftest.c:68: error: size of array 'test_array' is negative
configure:9339: $? = 1
configure: failed program was:
| /* confdefs.h.  */
| #define PACKAGE_NAME "libuuid"
| #define PACKAGE_TARNAME "libuuid"
| #define PACKAGE_VERSION "1.0.0"
| #define PACKAGE_STRING "libuuid 1.0.0"
| #define PACKAGE_BUGREPORT ""
| #define PACKAGE "libuuid"
| #define VERSION "1.0.0"
| #define STDC_HEADERS 1
| #define HAVE_SYS_TYPES_H 1
| #define HAVE_SYS_STAT_H 1
| #define HAVE_STDLIB_H 1
| #define HAVE_STRING_H 1
| #define HAVE_MEMORY_H 1
| #define HAVE_STRINGS_H 1
| #define HAVE_INTTYPES_H 1
| #define HAVE_STDINT_H 1
| #define HAVE_UNISTD_H 1
| #define HAVE_DLFCN_H 1
| #define HAVE_FCNTL_H 1
| #define HAVE_INTTYPES_H 1
| #define HAVE_NETINET_IN_H 1
| #define HAVE_STDLIB_H 1
| #define HAVE_STRING_H 1
| #define HAVE_SYS_FILE_H 1
| #define HAVE_SYS_IOCTL_H 1
| #define HAVE_SYS_SOCKET_H 1
| #define HAVE_SYS_TIME_H 1
| #define HAVE_UNISTD_H 1
| /* end confdefs.h.  */
| #include <stdio.h>
| #ifdef HAVE_SYS_TYPES_H
| # include <sys/types.h>
| #endif
| #ifdef HAVE_SYS_STAT_H
| # include <sys/stat.h>
| #endif
| #ifdef STDC_HEADERS
| # include <stdlib.h>
| # include <stddef.h>
| #else
| # ifdef HAVE_STDLIB_H
| #  include <stdlib.h>
| # endif
| #endif
| #ifdef HAVE_STRING_H
| # if !defined STDC_HEADERS && defined HAVE_MEMORY_H
| #  include <memory.h>
| # endif
| # include <string.h>
| #endif
| #ifdef HAVE_STRINGS_H
| # include <strings.h>
| #endif
| #ifdef HAVE_INTTYPES_H
| # include <inttypes.h>
| #endif
| #ifdef HAVE_STDINT_H
| # include <stdint.h>
| #endif
| #ifdef HAVE_UNISTD_H
| # include <unistd.h>
| #endif
| int
| main ()
| {
| static int test_array [1 - 2 * !((int64_t) ((((int64_t) 1 << (64 - 2)) - 1) * 2 + 1)
| 		 < (int64_t) ((((int64_t) 1 << (64 - 2)) - 1) * 2 + 2))];
| test_array [0] = 0
| 
|   ;
|   return 0;
| }
configure:9368: result: yes
configure:9381: checking for int8_t
configure:9412: gcc -c -O2  conftest.c >&5
configure:9419: $? = 0
configure:9448: gcc -c -O2  conftest.c >&5
conftest.c: In function 'main':
conftest.c:68: error: size of array 'test_array' is negative
configure:9455: $? = 1
configure: failed program was:
| /* confdefs.h.  */
| #define PACKAGE_NAME "libuuid"
| #define PACKAGE_TARNAME "libuuid"
| #define PACKAGE_VERSION "1.0.0"
| #define PACKAGE_STRING "libuuid 1.0.0"
| #define PACKAGE_BUGREPORT ""
| #define PACKAGE "libuuid"
| #define VERSION "1.0.0"
| #define STDC_HEADERS 1
| #define HAVE_SYS_TYPES_H 1
| #define HAVE_SYS_STAT_H 1
| #define HAVE_STDLIB_H 1
| #define HAVE_STRING_H 1
| #define HAVE_MEMORY_H 1
| #define HAVE_STRINGS_H 1
| #define HAVE_INTTYPES_H 1
| #define HAVE_STDINT_H 1
| #define HAVE_UNISTD_H 1
| #define HAVE_DLFCN_H 1
| #define HAVE_FCNTL_H 1
| #define HAVE_INTTYPES_H 1
| #define HAVE_NETINET_IN_H 1
| #define HAVE_STDLIB_H 1
| #define HAVE_STRING_H 1
| #define HAVE_SYS_FILE_H 1
| #define HAVE_SYS_IOCTL_H 1
| #define HAVE_SYS_SOCKET_H 1
| #define HAVE_SYS_TIME_H 1
| #define HAVE_UNISTD_H 1
| /* end confdefs.h.  */
| #include <stdio.h>
| #ifdef HAVE_SYS_TYPES_H
| # include <sys/types.h>
| #endif
| #ifdef HAVE_SYS_STAT_H
| # include <sys/stat.h>
| #endif
| #ifdef STDC_HEADERS
| # include <stdlib.h>
| # include <stddef.h>
| #else
| # ifdef HAVE_STDLIB_H
| #  include <stdlib.h>
| # endif
| #endif
| #ifdef HAVE_STRING_H
| # if !defined STDC_HEADERS && defined HAVE_MEMORY_H
| #  include <memory.h>
| # endif
| # include <string.h>
| #endif
| #ifdef HAVE_STRINGS_H
| # include <strings.h>
| #endif
| #ifdef HAVE_INTTYPES_H
| # include <inttypes.h>
| #endif
| #ifdef HAVE_STDINT_H
| # include <stdint.h>
| #endif
| #ifdef HAVE_UNISTD_H
| # include <unistd.h>
| #endif
| int
| main ()
| {
| static int test_array [1 - 2 * !((int8_t) ((((int8_t) 1 << (8 - 2)) - 1) * 2 + 1)
| 		 < (int8_t) ((((int8_t) 1 << (8 - 2)) - 1) * 2 + 2))];
| test_array [0] = 0
| 
|   ;
|   return 0;
| }
configure:9484: result: yes
configure:9496: checking for mode_t
configure:9524: gcc -c -O2  conftest.c >&5
configure:9531: $? = 0
configure:9558: gcc -c -O2  conftest.c >&5
conftest.c: In function 'main':
conftest.c:67: error: expected expression before ')' token
configure:9565: $? = 1
configure: failed program was:
| /* confdefs.h.  */
| #define PACKAGE_NAME "libuuid"
| #define PACKAGE_TARNAME "libuuid"
| #define PACKAGE_VERSION "1.0.0"
| #define PACKAGE_STRING "libuuid 1.0.0"
| #define PACKAGE_BUGREPORT ""
| #define PACKAGE "libuuid"
| #define VERSION "1.0.0"
| #define STDC_HEADERS 1
| #define HAVE_SYS_TYPES_H 1
| #define HAVE_SYS_STAT_H 1
| #define HAVE_STDLIB_H 1
| #define HAVE_STRING_H 1
| #define HAVE_MEMORY_H 1
| #define HAVE_STRINGS_H 1
| #define HAVE_INTTYPES_H 1
| #define HAVE_STDINT_H 1
| #define HAVE_UNISTD_H 1
| #define HAVE_DLFCN_H 1
| #define HAVE_FCNTL_H 1
| #define HAVE_INTTYPES_H 1
| #define HAVE_NETINET_IN_H 1
| #define HAVE_STDLIB_H 1
| #define HAVE_STRING_H 1
| #define HAVE_SYS_FILE_H 1
| #define HAVE_SYS_IOCTL_H 1
| #define HAVE_SYS_SOCKET_H 1
| #define HAVE_SYS_TIME_H 1
| #define HAVE_UNISTD_H 1
| /* end confdefs.h.  */
| #include <stdio.h>
| #ifdef HAVE_SYS_TYPES_H
| # include <sys/types.h>
| #endif
| #ifdef HAVE_SYS_STAT_H
| # include <sys/stat.h>
| #endif
| #ifdef STDC_HEADERS
| # include <stdlib.h>
| # include <stddef.h>
| #else
| # ifdef HAVE_STDLIB_H
| #  include <stdlib.h>
| # endif
| #endif
| #ifdef HAVE_STRING_H
| # if !defined STDC_HEADERS && defined HAVE_MEMORY_H
| #  include <memory.h>
| # endif
| # include <string.h>
| #endif
| #ifdef HAVE_STRINGS_H
| # include <strings.h>
| #endif
| #ifdef HAVE_INTTYPES_H
| # include <inttypes.h>
| #endif
| #ifdef HAVE_STDINT_H
| # include <stdint.h>
| #endif
| #ifdef HAVE_UNISTD_H
| # include <unistd.h>
| #endif
| int
| main ()
| {
| if (sizeof ((mode_t)))
| 	  return 0;
|   ;
|   return 0;
| }
configure:9588: result: yes
configure:9600: checking for pid_t
configure:9628: gcc -c -O2  conftest.c >&5
configure:9635: $? = 0
configure:9662: gcc -c -O2  conftest.c >&5
conftest.c: In function 'main':
conftest.c:67: error: expected expression before ')' token
configure:9669: $? = 1
configure: failed program was:
| /* confdefs.h.  */
| #define PACKAGE_NAME "libuuid"
| #define PACKAGE_TARNAME "libuuid"
| #define PACKAGE_VERSION "1.0.0"
| #define PACKAGE_STRING "libuuid 1.0.0"
| #define PACKAGE_BUGREPORT ""
| #define PACKAGE "libuuid"
| #define VERSION "1.0.0"
| #define STDC_HEADERS 1
| #define HAVE_SYS_TYPES_H 1
| #define HAVE_SYS_STAT_H 1
| #define HAVE_STDLIB_H 1
| #define HAVE_STRING_H 1
| #define HAVE_MEMORY_H 1
| #define HAVE_STRINGS_H 1
| #define HAVE_INTTYPES_H 1
| #define HAVE_STDINT_H 1
| #define HAVE_UNISTD_H 1
| #define HAVE_DLFCN_H 1
| #define HAVE_FCNTL_H 1
| #define HAVE_INTTYPES_H 1
| #define HAVE_NETINET_IN_H 1
| #define HAVE_STDLIB_H 1
| #define HAVE_STRING_H 1
| #define HAVE_SYS_FILE_H 1
| #define HAVE_SYS_IOCTL_H 1
| #define HAVE_SYS_SOCKET_H 1
| #define HAVE_SYS_TIME_H 1
| #define HAVE_UNISTD_H 1
| /* end confdefs.h.  */
| #include <stdio.h>
| #ifdef HAVE_SYS_TYPES_H
| # include <sys/types.h>
| #endif
| #ifdef HAVE_SYS_STAT_H
| # include <sys/stat.h>
| #endif
| #ifdef STDC_HEADERS
| # include <stdlib.h>
| # include <stddef.h>
| #else
| # ifdef HAVE_STDLIB_H
| #  include <stdlib.h>
| # endif
| #endif
| #ifdef HAVE_STRING_H
| # if !defined STDC_HEADERS && defined HAVE_MEMORY_H
| #  include <memory.h>
| # endif
| # include <string.h>
| #endif
| #ifdef HAVE_STRINGS_H
| # include <strings.h>
| #endif
| #ifdef HAVE_INTTYPES_H
| # include <inttypes.h>
| #endif
| #ifdef HAVE_STDINT_H
| # include <stdint.h>
| #endif
| #ifdef HAVE_UNISTD_H
| # include <unistd.h>
| #endif
| int
| main ()
| {
| if (sizeof ((pid_t)))
| 	  return 0;
|   ;
|   return 0;
| }
configure:9692: result: yes
configure:9704: checking for size_t
configure:9732: gcc -c -O2  conftest.c >&5
configure:9739: $? = 0
configure:9766: gcc -c -O2  conftest.c >&5
conftest.c: In function 'main':
conftest.c:67: error: expected expression before ')' token
configure:9773: $? = 1
configure: failed program was:
| /* confdefs.h.  */
| #define PACKAGE_NAME "libuuid"
| #define PACKAGE_TARNAME "libuuid"
| #define PACKAGE_VERSION "1.0.0"
| #define PACKAGE_STRING "libuuid 1.0.0"
| #define PACKAGE_BUGREPORT ""
| #define PACKAGE "libuuid"
| #define VERSION "1.0.0"
| #define STDC_HEADERS 1
| #define HAVE_SYS_TYPES_H 1
| #define HAVE_SYS_STAT_H 1
| #define HAVE_STDLIB_H 1
| #define HAVE_STRING_H 1
| #define HAVE_MEMORY_H 1
| #define HAVE_STRINGS_H 1
| #define HAVE_INTTYPES_H 1
| #define HAVE_STDINT_H 1
| #define HAVE_UNISTD_H 1
| #define HAVE_DLFCN_H 1
| #define HAVE_FCNTL_H 1
| #define HAVE_INTTYPES_H 1
| #define HAVE_NETINET_IN_H 1
| #define HAVE_STDLIB_H 1
| #define HAVE_STRING_H 1
| #define HAVE_SYS_FILE_H 1
| #define HAVE_SYS_IOCTL_H 1
| #define HAVE_SYS_SOCKET_H 1
| #define HAVE_SYS_TIME_H 1
| #define HAVE_UNISTD_H 1
| /* end confdefs.h.  */
| #include <stdio.h>
| #ifdef HAVE_SYS_TYPES_H
| # include <sys/types.h>
| #endif
| #ifdef HAVE_SYS_STAT_H
| # include <sys/stat.h>
| #endif
| #ifdef STDC_HEADERS
| # include <stdlib.h>
| # include <stddef.h>
| #else
| # ifdef HAVE_STDLIB_H
| #  include <stdlib.h>
| # endif
| #endif
| #ifdef HAVE_STRING_H
| # if !defined STDC_HEADERS && defined HAVE_MEMORY_H
| #  include <memory.h>
| # endif
| # include <string.h>
| #endif
| #ifdef HAVE_STRINGS_H
| # include <strings.h>
| #endif
| #ifdef HAVE_INTTYPES_H
| # include <inttypes.h>
| #endif
| #ifdef HAVE_STDINT_H
| # include <stdint.h>
| #endif
| #ifdef HAVE_UNISTD_H
| # include <unistd.h>
| #endif
| int
| main ()
| {
| if (sizeof ((size_t)))
| 	  return 0;
|   ;
|   return 0;
| }
configure:9796: result: yes
configure:9808: checking for ssize_t
configure:9836: gcc -c -O2  conftest.c >&5
configure:9843: $? = 0
configure:9870: gcc -c -O2  conftest.c >&5
conftest.c: In function 'main':
conftest.c:67: error: expected expression before ')' token
configure:9877: $? = 1
configure: failed program was:
| /* confdefs.h.  */
| #define PACKAGE_NAME "libuuid"
| #define PACKAGE_TARNAME "libuuid"
| #define PACKAGE_VERSION "1.0.0"
| #define PACKAGE_STRING "libuuid 1.0.0"
| #define PACKAGE_BUGREPORT ""
| #define PACKAGE "libuuid"
| #define VERSION "1.0.0"
| #define STDC_HEADERS 1
| #define HAVE_SYS_TYPES_H 1
| #define HAVE_SYS_STAT_H 1
| #define HAVE_STDLIB_H 1
| #define HAVE_STRING_H 1
| #define HAVE_MEMORY_H 1
| #define HAVE_STRINGS_H 1
| #define HAVE_INTTYPES_H 1
| #define HAVE_STDINT_H 1
| #define HAVE_UNISTD_H 1
| #define HAVE_DLFCN_H 1
| #define HAVE_FCNTL_H 1
| #define HAVE_INTTYPES_H 1
| #define HAVE_NETINET_IN_H 1
| #define HAVE_STDLIB_H 1
| #define HAVE_STRING_H 1
| #define HAVE_SYS_FILE_H 1
| #define HAVE_SYS_IOCTL_H 1
| #define HAVE_SYS_SOCKET_H 1
| #define HAVE_SYS_TIME_H 1
| #define HAVE_UNISTD_H 1
| /* end confdefs.h.  */
| #include <stdio.h>
| #ifdef HAVE_SYS_TYPES_H
| # include <sys/types.h>
| #endif
| #ifdef HAVE_SYS_STAT_H
| # include <sys/stat.h>
| #endif
| #ifdef STDC_HEADERS
| # include <stdlib.h>
| # include <stddef.h>
| #else
| # ifdef HAVE_STDLIB_H
| #  include <stdlib.h>
| # endif
| #endif
| #ifdef HAVE_STRING_H
| # if !defined STDC_HEADERS && defined HAVE_MEMORY_H
| #  include <memory.h>
| # endif
| # include <string.h>
| #endif
| #ifdef HAVE_STRINGS_H
| # include <strings.h>
| #endif
| #ifdef HAVE_INTTYPES_H
| # include <inttypes.h>
| #endif
| #ifdef HAVE_STDINT_H
| # include <stdint.h>
| #endif
| #ifdef HAVE_UNISTD_H
| # include <unistd.h>
| #endif
| int
| main ()
| {
| if (sizeof ((ssize_t)))
| 	  return 0;
|   ;
|   return 0;
| }
configure:9900: result: yes
configure:9913: checking for uint16_t
configure:9944: gcc -c -O2  conftest.c >&5
configure:9951: $? = 0
configure:9972: result: yes
configure:9986: checking for uint32_t
configure:10017: gcc -c -O2  conftest.c >&5
configure:10024: $? = 0
configure:10045: result: yes
configure:10063: checking for uint64_t
configure:10094: gcc -c -O2  conftest.c >&5
configure:10101: $? = 0
configure:10122: result: yes
configure:10140: checking for uint8_t
configure:10171: gcc -c -O2  conftest.c >&5
configure:10178: $? = 0
configure:10199: result: yes
configure:10222: checking size of short
configure:10527: gcc -o conftest -O2   conftest.c  >&5
configure:10531: $? = 0
configure:10537: ./conftest
configure:10541: $? = 0
configure:10567: result: 2
configure:10581: checking size of int
configure:10886: gcc -o conftest -O2   conftest.c  >&5
configure:10890: $? = 0
configure:10896: ./conftest
configure:10900: $? = 0
configure:10926: result: 4
configure:10940: checking size of long
configure:11245: gcc -o conftest -O2   conftest.c  >&5
configure:11249: $? = 0
configure:11255: ./conftest
configure:11259: $? = 0
configure:11285: result: 4
configure:11299: checking size of long long
configure:11604: gcc -o conftest -O2   conftest.c  >&5
configure:11608: $? = 0
configure:11614: ./conftest
configure:11618: $? = 0
configure:11644: result: 8
configure:11688: checking vfork.h usability
configure:11705: gcc -c -O2  conftest.c >&5
conftest.c:68:19: error: vfork.h: No such file or directory
configure:11712: $? = 1
configure: failed program was:
| /* confdefs.h.  */
| #define PACKAGE_NAME "libuuid"
| #define PACKAGE_TARNAME "libuuid"
| #define PACKAGE_VERSION "1.0.0"
| #define PACKAGE_STRING "libuuid 1.0.0"
| #define PACKAGE_BUGREPORT ""
| #define PACKAGE "libuuid"
| #define VERSION "1.0.0"
| #define STDC_HEADERS 1
| #define HAVE_SYS_TYPES_H 1
| #define HAVE_SYS_STAT_H 1
| #define HAVE_STDLIB_H 1
| #define HAVE_STRING_H 1
| #define HAVE_MEMORY_H 1
| #define HAVE_STRINGS_H 1
| #define HAVE_INTTYPES_H 1
| #define HAVE_STDINT_H 1
| #define HAVE_UNISTD_H 1
| #define HAVE_DLFCN_H 1
| #define HAVE_FCNTL_H 1
| #define HAVE_INTTYPES_H 1
| #define HAVE_NETINET_IN_H 1
| #define HAVE_STDLIB_H 1
| #define HAVE_STRING_H 1
| #define HAVE_SYS_FILE_H 1
| #define HAVE_SYS_IOCTL_H 1
| #define HAVE_SYS_SOCKET_H 1
| #define HAVE_SYS_TIME_H 1
| #define HAVE_UNISTD_H 1
| #define SIZEOF_SHORT 2
| #define SIZEOF_INT 4
| #define SIZEOF_LONG 4
| #define SIZEOF_LONG_LONG 8
| /* end confdefs.h.  */
| #include <stdio.h>
| #ifdef HAVE_SYS_TYPES_H
| # include <sys/types.h>
| #endif
| #ifdef HAVE_SYS_STAT_H
| # include <sys/stat.h>
| #endif
| #ifdef STDC_HEADERS
| # include <stdlib.h>
| # include <stddef.h>
| #else
| # ifdef HAVE_STDLIB_H
| #  include <stdlib.h>
| # endif
| #endif
| #ifdef HAVE_STRING_H
| # if !defined STDC_HEADERS && defined HAVE_MEMORY_H
| #  include <memory.h>
| # endif
| # include <string.h>
| #endif
| #ifdef HAVE_STRINGS_H
| # include <strings.h>
| #endif
| #ifdef HAVE_INTTYPES_H
| # include <inttypes.h>
| #endif
| #ifdef HAVE_STDINT_H
| # include <stdint.h>
| #endif
| #ifdef HAVE_UNISTD_H
| # include <unistd.h>
| #endif
| #include <vfork.h>
configure:11726: result: no
configure:11730: checking vfork.h presence
configure:11745: gcc -E  conftest.c
conftest.c:35:19: error: vfork.h: No such file or directory
configure:11752: $? = 1
configure: failed program was:
| /* confdefs.h.  */
| #define PACKAGE_NAME "libuuid"
| #define PACKAGE_TARNAME "libuuid"
| #define PACKAGE_VERSION "1.0.0"
| #define PACKAGE_STRING "libuuid 1.0.0"
| #define PACKAGE_BUGREPORT ""
| #define PACKAGE "libuuid"
| #define VERSION "1.0.0"
| #define STDC_HEADERS 1
| #define HAVE_SYS_TYPES_H 1
| #define HAVE_SYS_STAT_H 1
| #define HAVE_STDLIB_H 1
| #define HAVE_STRING_H 1
| #define HAVE_MEMORY_H 1
| #define HAVE_STRINGS_H 1
| #define HAVE_INTTYPES_H 1
| #define HAVE_STDINT_H 1
| #define HAVE_UNISTD_H 1
| #define HAVE_DLFCN_H 1
| #define HAVE_FCNTL_H 1
| #define HAVE_INTTYPES_H 1
| #define HAVE_NETINET_IN_H 1
| #define HAVE_STDLIB_H 1
| #define HAVE_STRING_H 1
| #define HAVE_SYS_FILE_H 1
| #define HAVE_SYS_IOCTL_H 1
| #define HAVE_SYS_SOCKET_H 1
| #define HAVE_SYS_TIME_H 1
| #define HAVE_UNISTD_H 1
| #define SIZEOF_SHORT 2
| #define SIZEOF_INT 4
| #define SIZEOF_LONG 4
| #define SIZEOF_LONG_LONG 8
| /* end confdefs.h.  */
| #include <vfork.h>
configure:11766: result: no
configure:11794: checking for vfork.h
configure:11803: result: no
configure:11823: checking for fork
configure:11879: gcc -o conftest -O2   conftest.c  >&5
conftest.c:58: warning: conflicting types for built-in function 'fork'
configure:11886: $? = 0
configure:11908: result: yes
configure:11823: checking for vfork
configure:11879: gcc -o conftest -O2   conftest.c  >&5
configure:11886: $? = 0
configure:11908: result: yes
configure:11921: checking for working fork
configure:11953: gcc -o conftest -O2   conftest.c  >&5
configure:11957: $? = 0
configure:11963: ./conftest
configure:11967: $? = 0
configure:11984: result: yes
configure:12005: checking for working vfork
configure:12146: result: yes
configure:12188: checking for ftruncate
configure:12244: gcc -o conftest -O2   conftest.c  >&5
configure:12251: $? = 0
configure:12273: result: yes
configure:12188: checking for getdtablesize
configure:12244: gcc -o conftest -O2   conftest.c  >&5
configure:12251: $? = 0
configure:12273: result: yes
configure:12188: checking for gettimeofday
configure:12244: gcc -o conftest -O2   conftest.c  >&5
configure:12251: $? = 0
configure:12273: result: yes
configure:12188: checking for getrlimit
configure:12244: gcc -o conftest -O2   conftest.c  >&5
configure:12251: $? = 0
configure:12273: result: yes
configure:12188: checking for memset
configure:12244: gcc -o conftest -O2   conftest.c  >&5
conftest.c:66: warning: conflicting types for built-in function 'memset'
configure:12251: $? = 0
configure:12273: result: yes
configure:12188: checking for socket
configure:12244: gcc -o conftest -O2   conftest.c  >&5
configure:12251: $? = 0
configure:12273: result: yes
configure:12188: checking for strtoul
configure:12244: gcc -o conftest -O2   conftest.c  >&5
configure:12251: $? = 0
configure:12273: result: yes
configure:12188: checking for sysconf
configure:12244: gcc -o conftest -O2   conftest.c  >&5
configure:12251: $? = 0
configure:12273: result: yes
configure:12399: creating ./config.status

## ---------------------- ##
## Running config.status. ##
## ---------------------- ##

This file was extended by libuuid config.status 1.0.0, which was
generated by GNU Autoconf 2.63.  Invocation command line was

  CONFIG_FILES    = 
  CONFIG_HEADERS  = 
  CONFIG_LINKS    = 
  CONFIG_COMMANDS = 
  $ ./config.status 

on admin

config.status:807: creating Makefile
config.status:954: WARNING:  'Makefile.in' seems to ignore the --datarootdir setting
config.status:807: creating uuid_types.h
config.status:807: creating config.h
config.status:1041: executing depfiles commands

## ---------------- ##
## Cache variables. ##
## ---------------- ##

ac_cv_build=i686-pc-linux-gnu
ac_cv_c_compiler_gnu=yes
ac_cv_c_int16_t=yes
ac_cv_c_int32_t=yes
ac_cv_c_int64_t=yes
ac_cv_c_int8_t=yes
ac_cv_c_uint16_t=yes
ac_cv_c_uint32_t=yes
ac_cv_c_uint64_t=yes
ac_cv_c_uint8_t=yes
ac_cv_env_CC_set=
ac_cv_env_CC_value=
ac_cv_env_CFLAGS_set=set
ac_cv_env_CFLAGS_value=-O2
ac_cv_env_CPPFLAGS_set=
ac_cv_env_CPPFLAGS_value=
ac_cv_env_CPP_set=
ac_cv_env_CPP_value=
ac_cv_env_LDFLAGS_set=
ac_cv_env_LDFLAGS_value=
ac_cv_env_LIBS_set=
ac_cv_env_LIBS_value=
ac_cv_env_build_alias_set=
ac_cv_env_build_alias_value=
ac_cv_env_host_alias_set=
ac_cv_env_host_alias_value=
ac_cv_env_target_alias_set=
ac_cv_env_target_alias_value=
ac_cv_func_fork=yes
ac_cv_func_fork_works=yes
ac_cv_func_ftruncate=yes
ac_cv_func_getdtablesize=yes
ac_cv_func_getrlimit=yes
ac_cv_func_gettimeofday=yes
ac_cv_func_memset=yes
ac_cv_func_socket=yes
ac_cv_func_strtoul=yes
ac_cv_func_sysconf=yes
ac_cv_func_vfork=yes
ac_cv_func_vfork_works=yes
ac_cv_header_dlfcn_h=yes
ac_cv_header_fcntl_h=yes
ac_cv_header_inttypes_h=yes
ac_cv_header_memory_h=yes
ac_cv_header_netinet_in_h=yes
ac_cv_header_stdc=yes
ac_cv_header_stdint_h=yes
ac_cv_header_stdlib_h=yes
ac_cv_header_string_h=yes
ac_cv_header_strings_h=yes
ac_cv_header_sys_file_h=yes
ac_cv_header_sys_ioctl_h=yes
ac_cv_header_sys_socket_h=yes
ac_cv_header_sys_stat_h=yes
ac_cv_header_sys_time_h=yes
ac_cv_header_sys_types_h=yes
ac_cv_header_unistd_h=yes
ac_cv_header_vfork_h=no
ac_cv_host=i686-pc-linux-gnu
ac_cv_objext=o
ac_cv_path_EGREP='/bin/grep -E'
ac_cv_path_GREP=/bin/grep
ac_cv_path_install='/usr/bin/install -c'
ac_cv_prog_AWK=gawk
ac_cv_prog_CPP='gcc -E'
ac_cv_prog_ac_ct_CC=gcc
ac_cv_prog_ac_ct_RANLIB=ranlib
ac_cv_prog_ac_ct_STRIP=strip
ac_cv_prog_cc_c89=
ac_cv_prog_cc_g=yes
ac_cv_prog_make_make_set=yes
ac_cv_sizeof_int=4
ac_cv_sizeof_long=4
ac_cv_sizeof_long_long=8
ac_cv_sizeof_short=2
ac_cv_type_mode_t=yes
ac_cv_type_pid_t=yes
ac_cv_type_size_t=yes
ac_cv_type_ssize_t=yes
am_cv_CC_dependencies_compiler_type=gcc3
lt_cv_archive_cmds_need_lc=no
lt_cv_compiler_c_o=yes
lt_cv_compiler_o_lo=yes
lt_cv_deplibs_check_method=pass_all
lt_cv_file_magic_cmd='$MAGIC_CMD'
lt_cv_file_magic_test_file='/lib/libc.so.6 /lib/libc-2.12.so'
lt_cv_global_symbol_to_c_name_address='sed -n -e '\''s/^: \([^ ]*\) $/  {\"\1\", (lt_ptr) 0},/p'\'' -e '\''s/^[BCDEGRST] \([^ ]*\) \([^ ]*\)$/  {"\2", (lt_ptr) \&\2},/p'\'''
lt_cv_global_symbol_to_cdecl='sed -n -e '\''s/^. .* \(.*\)$/extern char \1;/p'\'''
lt_cv_ld_reload_flag=-r
lt_cv_path_LD=/usr/bin/ld
lt_cv_path_NM='/usr/bin/nm -B'
lt_cv_path_SED=/bin/sed
lt_cv_prog_cc_can_build_shared=yes
lt_cv_prog_cc_no_builtin=
lt_cv_prog_cc_pic=' -fPIC'
lt_cv_prog_cc_pic_works=yes
lt_cv_prog_cc_shlib=
lt_cv_prog_cc_static=
lt_cv_prog_cc_static_works=no
lt_cv_prog_cc_wl=-Wl,
lt_cv_prog_gnu_ld=yes
lt_cv_sys_global_symbol_pipe='sed -n -e '\''s/^.*[ 	]\([ABCDGISTW][ABCDGISTW]*\)[ 	][ 	]*\(\)\([_A-Za-z][_A-Za-z0-9]*\)$/\1 \2\3 \3/p'\'''

## ----------------- ##
## Output variables. ##
## ----------------- ##

ACLOCAL='${SHELL} /usr/local/apache2/htdocs/project/blog/public/xunsearch-full-1.4.10/libuuid-1.0.0/missing --run aclocal-1.6'
AMDEPBACKSLASH='\'
AMDEP_FALSE='#'
AMDEP_TRUE=''
AMTAR='${SHELL} /usr/local/apache2/htdocs/project/blog/public/xunsearch-full-1.4.10/libuuid-1.0.0/missing --run tar'
AUTOCONF='${SHELL} /usr/local/apache2/htdocs/project/blog/public/xunsearch-full-1.4.10/libuuid-1.0.0/missing --run autoconf'
AUTOHEADER='${SHELL} /usr/local/apache2/htdocs/project/blog/public/xunsearch-full-1.4.10/libuuid-1.0.0/missing --run autoheader'
AUTOMAKE='${SHELL} /usr/local/apache2/htdocs/project/blog/public/xunsearch-full-1.4.10/libuuid-1.0.0/missing --run automake-1.6'
AWK='gawk'
CC='gcc'
CCDEPMODE='depmode=gcc3'
CFLAGS='-O2'
CPP='gcc -E'
CPPFLAGS=''
DEFS='-DHAVE_CONFIG_H'
DEPDIR='.deps'
E2FSPROGS_MONTH='December'
E2FSPROGS_VERSION='1.41.14'
E2FSPROGS_YEAR='2010'
ECHO='echo'
ECHO_C=''
ECHO_N='-n'
ECHO_T=''
EGREP='/bin/grep -E'
EXEEXT=''
GREP='/bin/grep'
INSTALL_DATA='${INSTALL} -m 644'
INSTALL_PROGRAM='${INSTALL}'
INSTALL_SCRIPT='${INSTALL}'
INSTALL_STRIP_PROGRAM='${SHELL} $(install_sh) -c -s'
LDFLAGS=''
LIBOBJS=''
LIBS=''
LIBTOOL='$(SHELL) $(top_builddir)/libtool --preserve-dup-deps'
LN_S='ln -s'
LTLIBOBJS=''
MAKEINFO='${SHELL} /usr/local/apache2/htdocs/project/blog/public/xunsearch-full-1.4.10/libuuid-1.0.0/missing --run makeinfo'
OBJEXT='o'
PACKAGE='libuuid'
PACKAGE_BUGREPORT=''
PACKAGE_NAME='libuuid'
PACKAGE_STRING='libuuid 1.0.0'
PACKAGE_TARNAME='libuuid'
PACKAGE_VERSION='1.0.0'
PATH_SEPARATOR=':'
RANLIB='ranlib'
SET_MAKE=''
SHARED_LIB_VERSION='1:0:0'
SHELL='/bin/sh'
SIZEOF_INT='4'
SIZEOF_LONG='4'
SIZEOF_LONG_LONG='8'
SIZEOF_SHORT='2'
STRIP='strip'
VERSION='1.0.0'
ac_ct_CC='gcc'
am__include='include'
am__quote=''
bindir='${exec_prefix}/bin'
build='i686-pc-linux-gnu'
build_alias=''
build_cpu='i686'
build_os='linux-gnu'
build_vendor='pc'
datadir='${datarootdir}'
datarootdir='${prefix}/share'
docdir='${datarootdir}/doc/${PACKAGE_TARNAME}'
dvidir='${docdir}'
exec_prefix='${prefix}'
host='i686-pc-linux-gnu'
host_alias=''
host_cpu='i686'
host_os='linux-gnu'
host_vendor='pc'
htmldir='${docdir}'
includedir='${prefix}/include'
infodir='${datarootdir}/info'
install_sh='/usr/local/apache2/htdocs/project/blog/public/xunsearch-full-1.4.10/libuuid-1.0.0/install-sh'
libdir='${exec_prefix}/lib'
libexecdir='${exec_prefix}/libexec'
localedir='${datarootdir}/locale'
localstatedir='${prefix}/var'
mandir='${datarootdir}/man'
oldincludedir='/usr/include'
pdfdir='${docdir}'
prefix='/usr/local/xunsearch'
program_transform_name='s,x,x,'
psdir='${docdir}'
sbindir='${exec_prefix}/sbin'
sharedstatedir='${prefix}/com'
sysconfdir='${prefix}/etc'
target_alias=''

## ----------- ##
## confdefs.h. ##
## ----------- ##

#define PACKAGE_NAME "libuuid"
#define PACKAGE_TARNAME "libuuid"
#define PACKAGE_VERSION "1.0.0"
#define PACKAGE_STRING "libuuid 1.0.0"
#define PACKAGE_BUGREPORT ""
#define PACKAGE "libuuid"
#define VERSION "1.0.0"
#define STDC_HEADERS 1
#define HAVE_SYS_TYPES_H 1
#define HAVE_SYS_STAT_H 1
#define HAVE_STDLIB_H 1
#define HAVE_STRING_H 1
#define HAVE_MEMORY_H 1
#define HAVE_STRINGS_H 1
#define HAVE_INTTYPES_H 1
#define HAVE_STDINT_H 1
#define HAVE_UNISTD_H 1
#define HAVE_DLFCN_H 1
#define HAVE_FCNTL_H 1
#define HAVE_INTTYPES_H 1
#define HAVE_NETINET_IN_H 1
#define HAVE_STDLIB_H 1
#define HAVE_STRING_H 1
#define HAVE_SYS_FILE_H 1
#define HAVE_SYS_IOCTL_H 1
#define HAVE_SYS_SOCKET_H 1
#define HAVE_SYS_TIME_H 1
#define HAVE_UNISTD_H 1
#define SIZEOF_SHORT 2
#define SIZEOF_INT 4
#define SIZEOF_LONG 4
#define SIZEOF_LONG_LONG 8
#define HAVE_FORK 1
#define HAVE_VFORK 1
#define HAVE_WORKING_VFORK 1
#define HAVE_WORKING_FORK 1
#define HAVE_FTRUNCATE 1
#define HAVE_GETDTABLESIZE 1
#define HAVE_GETTIMEOFDAY 1
#define HAVE_GETRLIMIT 1
#define HAVE_MEMSET 1
#define HAVE_SOCKET 1
#define HAVE_STRTOUL 1
#define HAVE_SYSCONF 1

configure: exit 0

## ---------------------- ##
## Running config.status. ##
## ---------------------- ##

This file was extended by libuuid config.status 1.0.0, which was
generated by GNU Autoconf 2.63.  Invocation command line was

  CONFIG_FILES    = uuid.3
  CONFIG_HEADERS  = 
  CONFIG_LINKS    = 
  CONFIG_COMMANDS = 
  $ ./config.status 

on admin

config.status:807: creating uuid.3
config.status:807: creating config.h
config.status:1023: config.h is unchanged
config.status:1041: executing depfiles commands

## ---------------------- ##
## Running config.status. ##
## ---------------------- ##

This file was extended by libuuid config.status 1.0.0, which was
generated by GNU Autoconf 2.63.  Invocation command line was

  CONFIG_FILES    = uuid_clear.3
  CONFIG_HEADERS  = 
  CONFIG_LINKS    = 
  CONFIG_COMMANDS = 
  $ ./config.status 

on admin

config.status:807: creating uuid_clear.3
config.status:807: creating config.h
config.status:1023: config.h is unchanged
config.status:1041: executing depfiles commands

## ---------------------- ##
## Running config.status. ##
## ---------------------- ##

This file was extended by libuuid config.status 1.0.0, which was
generated by GNU Autoconf 2.63.  Invocation command line was

  CONFIG_FILES    = uuid_compare.3
  CONFIG_HEADERS  = 
  CONFIG_LINKS    = 
  CONFIG_COMMANDS = 
  $ ./config.status 

on admin

config.status:807: creating uuid_compare.3
config.status:807: creating config.h
config.status:1023: config.h is unchanged
config.status:1041: executing depfiles commands

## ---------------------- ##
## Running config.status. ##
## ---------------------- ##

This file was extended by libuuid config.status 1.0.0, which was
generated by GNU Autoconf 2.63.  Invocation command line was

  CONFIG_FILES    = uuid_copy.3
  CONFIG_HEADERS  = 
  CONFIG_LINKS    = 
  CONFIG_COMMANDS = 
  $ ./config.status 

on admin

config.status:807: creating uuid_copy.3
config.status:807: creating config.h
config.status:1023: config.h is unchanged
config.status:1041: executing depfiles commands

## ---------------------- ##
## Running config.status. ##
## ---------------------- ##

This file was extended by libuuid config.status 1.0.0, which was
generated by GNU Autoconf 2.63.  Invocation command line was

  CONFIG_FILES    = uuid_generate.3
  CONFIG_HEADERS  = 
  CONFIG_LINKS    = 
  CONFIG_COMMANDS = 
  $ ./config.status 

on admin

config.status:807: creating uuid_generate.3
config.status:807: creating config.h
config.status:1023: config.h is unchanged
config.status:1041: executing depfiles commands

## ---------------------- ##
## Running config.status. ##
## ---------------------- ##

This file was extended by libuuid config.status 1.0.0, which was
generated by GNU Autoconf 2.63.  Invocation command line was

  CONFIG_FILES    = uuid_is_null.3
  CONFIG_HEADERS  = 
  CONFIG_LINKS    = 
  CONFIG_COMMANDS = 
  $ ./config.status 

on admin

config.status:807: creating uuid_is_null.3
config.status:807: creating config.h
config.status:1023: config.h is unchanged
config.status:1041: executing depfiles commands

## ---------------------- ##
## Running config.status. ##
## ---------------------- ##

This file was extended by libuuid config.status 1.0.0, which was
generated by GNU Autoconf 2.63.  Invocation command line was

  CONFIG_FILES    = uuid_parse.3
  CONFIG_HEADERS  = 
  CONFIG_LINKS    = 
  CONFIG_COMMANDS = 
  $ ./config.status 

on admin

config.status:807: creating uuid_parse.3
config.status:807: creating config.h
config.status:1023: config.h is unchanged
config.status:1041: executing depfiles commands

## ---------------------- ##
## Running config.status. ##
## ---------------------- ##

This file was extended by libuuid config.status 1.0.0, which was
generated by GNU Autoconf 2.63.  Invocation command line was

  CONFIG_FILES    = uuid_time.3
  CONFIG_HEADERS  = 
  CONFIG_LINKS    = 
  CONFIG_COMMANDS = 
  $ ./config.status 

on admin

config.status:807: creating uuid_time.3
config.status:807: creating config.h
config.status:1023: config.h is unchanged
config.status:1041: executing depfiles commands

## ---------------------- ##
## Running config.status. ##
## ---------------------- ##

This file was extended by libuuid config.status 1.0.0, which was
generated by GNU Autoconf 2.63.  Invocation command line was

  CONFIG_FILES    = uuid_unparse.3
  CONFIG_HEADERS  = 
  CONFIG_LINKS    = 
  CONFIG_COMMANDS = 
  $ ./config.status 

on admin

config.status:807: creating uuid_unparse.3
config.status:807: creating config.h
config.status:1023: config.h is unchanged
config.status:1041: executing depfiles commands

## ---------------------- ##
## Running config.status. ##
## ---------------------- ##

This file was extended by libuuid config.status 1.0.0, which was
generated by GNU Autoconf 2.63.  Invocation command line was

  CONFIG_FILES    = uuid.pc
  CONFIG_HEADERS  = 
  CONFIG_LINKS    = 
  CONFIG_COMMANDS = 
  $ ./config.status 

on admin

config.status:807: creating uuid.pc
config.status:807: creating config.h
config.status:1023: config.h is unchanged
config.status:1041: executing depfiles commands
